13:36:59 **** Incremental Build of configuration Default for project AppWeb ****
make all 
cp WebContent/WEB-INF/cgi/* ~/tomcat/webapps/AppWeb/WEB-INF/cgi
chmod +x ~/tomcat/webapps/AppWeb/WEB-INF/cgi/*
14:51:55 **** Build of configuration Default for project AppWeb ****
make all 
make: *** No hay ninguna regla para construir el objetivo 'all'.  Alto.
"make all" terminated with exit code 2. Build might be incomplete.
14:51:56 **** Incremental Build of configuration Default for project AppWeb ****
make all 
make: *** No hay ninguna regla para construir el objetivo 'all'.  Alto.
"make all" terminated with exit code 2. Build might be incomplete.
14:52:37 **** Build of configuration Default for project AppWeb ****
make all 
make: *** No hay ninguna regla para construir el objetivo 'all'.  Alto.
"make all" terminated with exit code 2. Build might be incomplete.
14:52:38 **** Incremental Build of configuration Default for project AppWeb ****
make all 
make: *** No hay ninguna regla para construir el objetivo 'all'.  Alto.
"make all" terminated with exit code 2. Build might be incomplete.
14:53:04 **** Build of configuration Default for project AppWeb ****
make all 
make: *** No hay ninguna regla para construir el objetivo 'all'.  Alto.
"make all" terminated with exit code 2. Build might be incomplete.
14:53:05 **** Incremental Build of configuration Default for project AppWeb ****
make all 
make: *** No hay ninguna regla para construir el objetivo 'all'.  Alto.
"make all" terminated with exit code 2. Build might be incomplete.
